[0.358s] DEBUG:colcon:Command line arguments: ['/usr/bin/colcon', 'list', '-p', '--base-paths', '/home/rob/RobitcsPathPlanning/SimplingPathPlaning/source']
[0.358s] DEBUG:colcon:Parsed command line arguments: Namespace(allow_overriding=[], base_paths=['/home/rob/RobitcsPathPlanning/SimplingPathPlaning/source'], build_base='build', ignore_user_meta=False, log_base=None, log_level=None, main=<bound method ListVerb.main of <colcon_package_information.verb.list.ListVerb object at 0x7f80a102cac0>>, metas=['./colcon.meta'], names_only=False, packages_above=None, packages_above_and_dependencies=None, packages_above_depth=None, packages_end=None, packages_ignore=None, packages_ignore_regex=None, packages_select=None, packages_select_build_failed=False, packages_select_by_dep=None, packages_select_regex=None, packages_select_test_failures=False, packages_skip=None, packages_skip_build_finished=False, packages_skip_by_dep=None, packages_skip_regex=None, packages_skip_test_passed=False, packages_skip_up_to=None, packages_start=None, packages_up_to=None, packages_up_to_regex=None, paths=None, paths_only=True, topological_graph=False, topological_graph_density=False, topological_graph_dot=False, topological_graph_dot_cluster=False, topological_graph_dot_include_skipped=False, topological_graph_legend=False, topological_order=False, verb_extension=<colcon_package_information.verb.list.ListVerb object at 0x7f80a102cac0>, verb_name='list', verb_parser=<colcon_defaults.argument_parser.defaults.DefaultArgumentsDecorator object at 0x7f80a0e90100>)
[0.739s] Level 1:colcon.colcon_core.package_discovery:discover_packages(colcon_meta) check parameters
[0.739s] Level 1:colcon.colcon_core.package_discovery:discover_packages(recursive) check parameters
[0.740s] Level 1:colcon.colcon_core.package_discovery:discover_packages(ignore) check parameters
[0.740s] Level 1:colcon.colcon_core.package_discovery:discover_packages(path) check parameters
[0.740s] Level 1:colcon.colcon_core.package_discovery:discover_packages(recursive) discover
[0.741s] INFO:colcon.colcon_core.package_discovery:Crawling recursively for packages in '/home/rob/RobitcsPathPlanning/SimplingPathPlaning/source'
[0.743s] Level 1:colcon.colcon_core.package_identification:_identify(/home/rob/RobitcsPathPlanning/SimplingPathPlaning/source) by extensions ['ignore', 'ignore_ament_install']
[0.744s] Level 1:colcon.colcon_core.package_identification:_identify(/home/rob/RobitcsPathPlanning/SimplingPathPlaning/source) by extension 'ignore'
[0.745s] Level 1:colcon.colcon_core.package_identification:_identify(/home/rob/RobitcsPathPlanning/SimplingPathPlaning/source) by extension 'ignore_ament_install'
[0.745s] Level 1:colcon.colcon_core.package_identification:_identify(/home/rob/RobitcsPathPlanning/SimplingPathPlaning/source) by extensions ['colcon_pkg']
[0.745s] Level 1:colcon.colcon_core.package_identification:_identify(/home/rob/RobitcsPathPlanning/SimplingPathPlaning/source) by extension 'colcon_pkg'
[0.745s] Level 1:colcon.colcon_core.package_identification:_identify(/home/rob/RobitcsPathPlanning/SimplingPathPlaning/source) by extensions ['colcon_meta']
[0.745s] Level 1:colcon.colcon_core.package_identification:_identify(/home/rob/RobitcsPathPlanning/SimplingPathPlaning/source) by extension 'colcon_meta'
[0.746s] Level 1:colcon.colcon_core.package_identification:_identify(/home/rob/RobitcsPathPlanning/SimplingPathPlaning/source) by extensions ['ros']
[0.746s] Level 1:colcon.colcon_core.package_identification:_identify(/home/rob/RobitcsPathPlanning/SimplingPathPlaning/source) by extension 'ros'
[0.771s] Level 1:colcon.colcon_core.package_identification:_identify(/home/rob/RobitcsPathPlanning/SimplingPathPlaning/source) by extensions ['cmake', 'python']
[0.771s] Level 1:colcon.colcon_core.package_identification:_identify(/home/rob/RobitcsPathPlanning/SimplingPathPlaning/source) by extension 'cmake'
[0.771s] Level 1:colcon.colcon_core.package_identification:_identify(/home/rob/RobitcsPathPlanning/SimplingPathPlaning/source) by extension 'python'
[0.771s] Level 1:colcon.colcon_core.package_identification:_identify(/home/rob/RobitcsPathPlanning/SimplingPathPlaning/source) by extensions ['python_setup_py']
[0.771s] Level 1:colcon.colcon_core.package_identification:_identify(/home/rob/RobitcsPathPlanning/SimplingPathPlaning/source) by extension 'python_setup_py'
[0.771s] Level 1:colcon.colcon_core.package_identification:_identify(/home/rob/RobitcsPathPlanning/SimplingPathPlaning/source/log) by extensions ['ignore', 'ignore_ament_install']
[0.771s] Level 1:colcon.colcon_core.package_identification:_identify(/home/rob/RobitcsPathPlanning/SimplingPathPlaning/source/log) by extension 'ignore'
[0.771s] Level 1:colcon.colcon_core.package_identification:_identify(/home/rob/RobitcsPathPlanning/SimplingPathPlaning/source/log) ignored
[0.772s] Level 1:colcon.colcon_core.package_identification:_identify(/home/rob/RobitcsPathPlanning/SimplingPathPlaning/source/src) by extensions ['ignore', 'ignore_ament_install']
[0.772s] Level 1:colcon.colcon_core.package_identification:_identify(/home/rob/RobitcsPathPlanning/SimplingPathPlaning/source/src) by extension 'ignore'
[0.772s] Level 1:colcon.colcon_core.package_identification:_identify(/home/rob/RobitcsPathPlanning/SimplingPathPlaning/source/src) by extension 'ignore_ament_install'
[0.772s] Level 1:colcon.colcon_core.package_identification:_identify(/home/rob/RobitcsPathPlanning/SimplingPathPlaning/source/src) by extensions ['colcon_pkg']
[0.772s] Level 1:colcon.colcon_core.package_identification:_identify(/home/rob/RobitcsPathPlanning/SimplingPathPlaning/source/src) by extension 'colcon_pkg'
[0.772s] Level 1:colcon.colcon_core.package_identification:_identify(/home/rob/RobitcsPathPlanning/SimplingPathPlaning/source/src) by extensions ['colcon_meta']
[0.772s] Level 1:colcon.colcon_core.package_identification:_identify(/home/rob/RobitcsPathPlanning/SimplingPathPlaning/source/src) by extension 'colcon_meta'
[0.772s] Level 1:colcon.colcon_core.package_identification:_identify(/home/rob/RobitcsPathPlanning/SimplingPathPlaning/source/src) by extensions ['ros']
[0.772s] Level 1:colcon.colcon_core.package_identification:_identify(/home/rob/RobitcsPathPlanning/SimplingPathPlaning/source/src) by extension 'ros'
[0.773s] Level 1:colcon.colcon_core.package_identification:_identify(/home/rob/RobitcsPathPlanning/SimplingPathPlaning/source/src) by extensions ['cmake', 'python']
[0.773s] Level 1:colcon.colcon_core.package_identification:_identify(/home/rob/RobitcsPathPlanning/SimplingPathPlaning/source/src) by extension 'cmake'
[0.773s] Level 1:colcon.colcon_core.package_identification:_identify(/home/rob/RobitcsPathPlanning/SimplingPathPlaning/source/src) by extension 'python'
[0.773s] Level 1:colcon.colcon_core.package_identification:_identify(/home/rob/RobitcsPathPlanning/SimplingPathPlaning/source/src) by extensions ['python_setup_py']
[0.773s] Level 1:colcon.colcon_core.package_identification:_identify(/home/rob/RobitcsPathPlanning/SimplingPathPlaning/source/src) by extension 'python_setup_py'
[0.773s] Level 1:colcon.colcon_core.package_identification:_identify(/home/rob/RobitcsPathPlanning/SimplingPathPlaning/source/src/map_gen) by extensions ['ignore', 'ignore_ament_install']
[0.773s] Level 1:colcon.colcon_core.package_identification:_identify(/home/rob/RobitcsPathPlanning/SimplingPathPlaning/source/src/map_gen) by extension 'ignore'
[0.773s] Level 1:colcon.colcon_core.package_identification:_identify(/home/rob/RobitcsPathPlanning/SimplingPathPlaning/source/src/map_gen) by extension 'ignore_ament_install'
[0.773s] Level 1:colcon.colcon_core.package_identification:_identify(/home/rob/RobitcsPathPlanning/SimplingPathPlaning/source/src/map_gen) by extensions ['colcon_pkg']
[0.774s] Level 1:colcon.colcon_core.package_identification:_identify(/home/rob/RobitcsPathPlanning/SimplingPathPlaning/source/src/map_gen) by extension 'colcon_pkg'
[0.774s] Level 1:colcon.colcon_core.package_identification:_identify(/home/rob/RobitcsPathPlanning/SimplingPathPlaning/source/src/map_gen) by extensions ['colcon_meta']
[0.774s] Level 1:colcon.colcon_core.package_identification:_identify(/home/rob/RobitcsPathPlanning/SimplingPathPlaning/source/src/map_gen) by extension 'colcon_meta'
[0.774s] Level 1:colcon.colcon_core.package_identification:_identify(/home/rob/RobitcsPathPlanning/SimplingPathPlaning/source/src/map_gen) by extensions ['ros']
[0.774s] Level 1:colcon.colcon_core.package_identification:_identify(/home/rob/RobitcsPathPlanning/SimplingPathPlaning/source/src/map_gen) by extension 'ros'
[0.774s] Level 1:colcon.colcon_core.package_identification:_identify(/home/rob/RobitcsPathPlanning/SimplingPathPlaning/source/src/map_gen) by extensions ['cmake', 'python']
[0.774s] Level 1:colcon.colcon_core.package_identification:_identify(/home/rob/RobitcsPathPlanning/SimplingPathPlaning/source/src/map_gen) by extension 'cmake'
[0.774s] Level 1:colcon.colcon_core.package_identification:_identify(/home/rob/RobitcsPathPlanning/SimplingPathPlaning/source/src/map_gen) by extension 'python'
[0.774s] Level 1:colcon.colcon_core.package_identification:_identify(/home/rob/RobitcsPathPlanning/SimplingPathPlaning/source/src/map_gen) by extensions ['python_setup_py']
[0.774s] Level 1:colcon.colcon_core.package_identification:_identify(/home/rob/RobitcsPathPlanning/SimplingPathPlaning/source/src/map_gen) by extension 'python_setup_py'
[0.774s] Level 1:colcon.colcon_core.package_identification:_identify(/home/rob/RobitcsPathPlanning/SimplingPathPlaning/source/src/map_gen/map_generator) by extensions ['ignore', 'ignore_ament_install']
[0.774s] Level 1:colcon.colcon_core.package_identification:_identify(/home/rob/RobitcsPathPlanning/SimplingPathPlaning/source/src/map_gen/map_generator) by extension 'ignore'
[0.774s] Level 1:colcon.colcon_core.package_identification:_identify(/home/rob/RobitcsPathPlanning/SimplingPathPlaning/source/src/map_gen/map_generator) by extension 'ignore_ament_install'
[0.774s] Level 1:colcon.colcon_core.package_identification:_identify(/home/rob/RobitcsPathPlanning/SimplingPathPlaning/source/src/map_gen/map_generator) by extensions ['colcon_pkg']
[0.774s] Level 1:colcon.colcon_core.package_identification:_identify(/home/rob/RobitcsPathPlanning/SimplingPathPlaning/source/src/map_gen/map_generator) by extension 'colcon_pkg'
[0.774s] Level 1:colcon.colcon_core.package_identification:_identify(/home/rob/RobitcsPathPlanning/SimplingPathPlaning/source/src/map_gen/map_generator) by extensions ['colcon_meta']
[0.774s] Level 1:colcon.colcon_core.package_identification:_identify(/home/rob/RobitcsPathPlanning/SimplingPathPlaning/source/src/map_gen/map_generator) by extension 'colcon_meta'
[0.774s] Level 1:colcon.colcon_core.package_identification:_identify(/home/rob/RobitcsPathPlanning/SimplingPathPlaning/source/src/map_gen/map_generator) by extensions ['ros']
[0.774s] Level 1:colcon.colcon_core.package_identification:_identify(/home/rob/RobitcsPathPlanning/SimplingPathPlaning/source/src/map_gen/map_generator) by extension 'ros'
[0.779s] DEBUG:colcon.colcon_core.package_identification:Package '/home/rob/RobitcsPathPlanning/SimplingPathPlaning/source/src/map_gen/map_generator' with type 'ros.catkin' and name 'map_generator'
[0.779s] Level 1:colcon.colcon_core.package_identification:_identify(/home/rob/RobitcsPathPlanning/SimplingPathPlaning/source/src/map_gen/mockamap) by extensions ['ignore', 'ignore_ament_install']
[0.780s] Level 1:colcon.colcon_core.package_identification:_identify(/home/rob/RobitcsPathPlanning/SimplingPathPlaning/source/src/map_gen/mockamap) by extension 'ignore'
[0.780s] Level 1:colcon.colcon_core.package_identification:_identify(/home/rob/RobitcsPathPlanning/SimplingPathPlaning/source/src/map_gen/mockamap) by extension 'ignore_ament_install'
[0.780s] Level 1:colcon.colcon_core.package_identification:_identify(/home/rob/RobitcsPathPlanning/SimplingPathPlaning/source/src/map_gen/mockamap) by extensions ['colcon_pkg']
[0.780s] Level 1:colcon.colcon_core.package_identification:_identify(/home/rob/RobitcsPathPlanning/SimplingPathPlaning/source/src/map_gen/mockamap) by extension 'colcon_pkg'
[0.780s] Level 1:colcon.colcon_core.package_identification:_identify(/home/rob/RobitcsPathPlanning/SimplingPathPlaning/source/src/map_gen/mockamap) by extensions ['colcon_meta']
[0.780s] Level 1:colcon.colcon_core.package_identification:_identify(/home/rob/RobitcsPathPlanning/SimplingPathPlaning/source/src/map_gen/mockamap) by extension 'colcon_meta'
[0.780s] Level 1:colcon.colcon_core.package_identification:_identify(/home/rob/RobitcsPathPlanning/SimplingPathPlaning/source/src/map_gen/mockamap) by extensions ['ros']
[0.780s] Level 1:colcon.colcon_core.package_identification:_identify(/home/rob/RobitcsPathPlanning/SimplingPathPlaning/source/src/map_gen/mockamap) by extension 'ros'
[0.781s] DEBUG:colcon.colcon_core.package_identification:Package '/home/rob/RobitcsPathPlanning/SimplingPathPlaning/source/src/map_gen/mockamap' with type 'ros.catkin' and name 'mockamap'
[0.781s] Level 1:colcon.colcon_core.package_identification:_identify(/home/rob/RobitcsPathPlanning/SimplingPathPlaning/source/src/occ_grid) by extensions ['ignore', 'ignore_ament_install']
[0.782s] Level 1:colcon.colcon_core.package_identification:_identify(/home/rob/RobitcsPathPlanning/SimplingPathPlaning/source/src/occ_grid) by extension 'ignore'
[0.782s] Level 1:colcon.colcon_core.package_identification:_identify(/home/rob/RobitcsPathPlanning/SimplingPathPlaning/source/src/occ_grid) by extension 'ignore_ament_install'
[0.782s] Level 1:colcon.colcon_core.package_identification:_identify(/home/rob/RobitcsPathPlanning/SimplingPathPlaning/source/src/occ_grid) by extensions ['colcon_pkg']
[0.782s] Level 1:colcon.colcon_core.package_identification:_identify(/home/rob/RobitcsPathPlanning/SimplingPathPlaning/source/src/occ_grid) by extension 'colcon_pkg'
[0.782s] Level 1:colcon.colcon_core.package_identification:_identify(/home/rob/RobitcsPathPlanning/SimplingPathPlaning/source/src/occ_grid) by extensions ['colcon_meta']
[0.782s] Level 1:colcon.colcon_core.package_identification:_identify(/home/rob/RobitcsPathPlanning/SimplingPathPlaning/source/src/occ_grid) by extension 'colcon_meta'
[0.782s] Level 1:colcon.colcon_core.package_identification:_identify(/home/rob/RobitcsPathPlanning/SimplingPathPlaning/source/src/occ_grid) by extensions ['ros']
[0.782s] Level 1:colcon.colcon_core.package_identification:_identify(/home/rob/RobitcsPathPlanning/SimplingPathPlaning/source/src/occ_grid) by extension 'ros'
[0.784s] DEBUG:colcon.colcon_core.package_identification:Package '/home/rob/RobitcsPathPlanning/SimplingPathPlaning/source/src/occ_grid' with type 'ros.catkin' and name 'occ_grid'
[0.785s] Level 1:colcon.colcon_core.package_identification:_identify(/home/rob/RobitcsPathPlanning/SimplingPathPlaning/source/src/path_finder) by extensions ['ignore', 'ignore_ament_install']
[0.785s] Level 1:colcon.colcon_core.package_identification:_identify(/home/rob/RobitcsPathPlanning/SimplingPathPlaning/source/src/path_finder) by extension 'ignore'
[0.785s] Level 1:colcon.colcon_core.package_identification:_identify(/home/rob/RobitcsPathPlanning/SimplingPathPlaning/source/src/path_finder) by extension 'ignore_ament_install'
[0.785s] Level 1:colcon.colcon_core.package_identification:_identify(/home/rob/RobitcsPathPlanning/SimplingPathPlaning/source/src/path_finder) by extensions ['colcon_pkg']
[0.785s] Level 1:colcon.colcon_core.package_identification:_identify(/home/rob/RobitcsPathPlanning/SimplingPathPlaning/source/src/path_finder) by extension 'colcon_pkg'
[0.785s] Level 1:colcon.colcon_core.package_identification:_identify(/home/rob/RobitcsPathPlanning/SimplingPathPlaning/source/src/path_finder) by extensions ['colcon_meta']
[0.785s] Level 1:colcon.colcon_core.package_identification:_identify(/home/rob/RobitcsPathPlanning/SimplingPathPlaning/source/src/path_finder) by extension 'colcon_meta'
[0.785s] Level 1:colcon.colcon_core.package_identification:_identify(/home/rob/RobitcsPathPlanning/SimplingPathPlaning/source/src/path_finder) by extensions ['ros']
[0.785s] Level 1:colcon.colcon_core.package_identification:_identify(/home/rob/RobitcsPathPlanning/SimplingPathPlaning/source/src/path_finder) by extension 'ros'
[0.787s] DEBUG:colcon.colcon_core.package_identification:Package '/home/rob/RobitcsPathPlanning/SimplingPathPlaning/source/src/path_finder' with type 'ros.catkin' and name 'path_finder'
[0.787s] Level 1:colcon.colcon_core.package_identification:_identify(/home/rob/RobitcsPathPlanning/SimplingPathPlaning/source/src/rviz_plugins) by extensions ['ignore', 'ignore_ament_install']
[0.787s] Level 1:colcon.colcon_core.package_identification:_identify(/home/rob/RobitcsPathPlanning/SimplingPathPlaning/source/src/rviz_plugins) by extension 'ignore'
[0.787s] Level 1:colcon.colcon_core.package_identification:_identify(/home/rob/RobitcsPathPlanning/SimplingPathPlaning/source/src/rviz_plugins) by extension 'ignore_ament_install'
[0.787s] Level 1:colcon.colcon_core.package_identification:_identify(/home/rob/RobitcsPathPlanning/SimplingPathPlaning/source/src/rviz_plugins) by extensions ['colcon_pkg']
[0.787s] Level 1:colcon.colcon_core.package_identification:_identify(/home/rob/RobitcsPathPlanning/SimplingPathPlaning/source/src/rviz_plugins) by extension 'colcon_pkg'
[0.787s] Level 1:colcon.colcon_core.package_identification:_identify(/home/rob/RobitcsPathPlanning/SimplingPathPlaning/source/src/rviz_plugins) by extensions ['colcon_meta']
[0.787s] Level 1:colcon.colcon_core.package_identification:_identify(/home/rob/RobitcsPathPlanning/SimplingPathPlaning/source/src/rviz_plugins) by extension 'colcon_meta'
[0.787s] Level 1:colcon.colcon_core.package_identification:_identify(/home/rob/RobitcsPathPlanning/SimplingPathPlaning/source/src/rviz_plugins) by extensions ['ros']
[0.787s] Level 1:colcon.colcon_core.package_identification:_identify(/home/rob/RobitcsPathPlanning/SimplingPathPlaning/source/src/rviz_plugins) by extension 'ros'
[0.789s] DEBUG:colcon.colcon_core.package_identification:Package '/home/rob/RobitcsPathPlanning/SimplingPathPlaning/source/src/rviz_plugins' with type 'ros.catkin' and name 'rviz_plugins'
[0.789s] Level 1:colcon.colcon_core.package_identification:_identify(/home/rob/RobitcsPathPlanning/SimplingPathPlaning/source/src/self_msgs_and_srvs) by extensions ['ignore', 'ignore_ament_install']
[0.789s] Level 1:colcon.colcon_core.package_identification:_identify(/home/rob/RobitcsPathPlanning/SimplingPathPlaning/source/src/self_msgs_and_srvs) by extension 'ignore'
[0.789s] Level 1:colcon.colcon_core.package_identification:_identify(/home/rob/RobitcsPathPlanning/SimplingPathPlaning/source/src/self_msgs_and_srvs) by extension 'ignore_ament_install'
[0.789s] Level 1:colcon.colcon_core.package_identification:_identify(/home/rob/RobitcsPathPlanning/SimplingPathPlaning/source/src/self_msgs_and_srvs) by extensions ['colcon_pkg']
[0.789s] Level 1:colcon.colcon_core.package_identification:_identify(/home/rob/RobitcsPathPlanning/SimplingPathPlaning/source/src/self_msgs_and_srvs) by extension 'colcon_pkg'
[0.789s] Level 1:colcon.colcon_core.package_identification:_identify(/home/rob/RobitcsPathPlanning/SimplingPathPlaning/source/src/self_msgs_and_srvs) by extensions ['colcon_meta']
[0.789s] Level 1:colcon.colcon_core.package_identification:_identify(/home/rob/RobitcsPathPlanning/SimplingPathPlaning/source/src/self_msgs_and_srvs) by extension 'colcon_meta'
[0.789s] Level 1:colcon.colcon_core.package_identification:_identify(/home/rob/RobitcsPathPlanning/SimplingPathPlaning/source/src/self_msgs_and_srvs) by extensions ['ros']
[0.789s] Level 1:colcon.colcon_core.package_identification:_identify(/home/rob/RobitcsPathPlanning/SimplingPathPlaning/source/src/self_msgs_and_srvs) by extension 'ros'
[0.790s] DEBUG:colcon.colcon_core.package_identification:Package '/home/rob/RobitcsPathPlanning/SimplingPathPlaning/source/src/self_msgs_and_srvs' with type 'ros.catkin' and name 'self_msgs_and_srvs'
[0.790s] Level 1:colcon.colcon_core.package_discovery:discover_packages(recursive) using defaults
